<?xml version="1.0" encoding="UTF-8"?>
<!-- Generated by org.testng.reporters.JUnitReportReporter -->
<testsuite hostname="LAPTOP-VKT3PE38" failures="0" tests="2"
	name="assessment1Retry.TestCases" time="7.203" errors="0"
	timestamp="2023-02-23T20:37:30 IST" skipped="0">
	<testcase classname="assessment1Retry.TestCases"
		name="testCases" time="4.238" />
	<system-out />
	<testcase classname="assessment1Retry.TestCases"
		name="testCases" time="2.965" />
	<system-out />
</testsuite> <!-- assessment1Retry.TestCases -->
