<?xml version="1.0" encoding="UTF-8"?>
<!-- Generated by org.testng.reporters.JUnitReportReporter -->
<testsuite hostname="LAPTOP-VKT3PE38" failures="0" tests="1" name="launchBrowser.Browserinstanse" time="5.083" errors="0" timestamp="2023-01-24T22:04:53 IST" skipped="0">
  <testcase classname="launchBrowser.Browserinstanse" name="multipleinstance" time="5.083"/>
  <system-out/>
</testsuite> <!-- launchBrowser.Browserinstanse -->
